<?xml version="1.0" encoding="UTF-8"?>
<!-- Generated by org.testng.reporters.JUnitXMLReporter -->
<testsuite ignored="0" hostname="DESKTOP-88FLBF9" failures="0" tests="6" name="Test" time="230.215" errors="0" timestamp="2020-09-23T21:42:55 IST">
  <testcase classname="projectActivities.correctincorrectLogin" name="ValidLogin" time="25.649"/>
  <testcase classname="projectActivities.correctIncorrectLogin_PopUps" name="PopUpsLogin" time="33.659"/>
  <testcase classname="projectActivities.createTodoList" name="listDetails" time="34.318"/>
  <testcase classname="projectActivities.googleKeep" name="addReminder" time="22.433"/>
  <testcase classname="projectActivities.googlekeepaddTask" name="addNotes" time="14.239"/>
  <testcase classname="projectActivities.googleTask" name="addTasks" time="15.511"/>
</testsuite> <!-- Test -->
