<?xml version="1.0" encoding="UTF-8"?>
<testng-results ignored="0" total="6" passed="6" failed="0" skipped="0">
  <reporter-output>
  </reporter-output>
  <suite started-at="2020-09-23T21:39:05 IST" name="Suite" finished-at="2020-09-23T21:42:55 IST" duration-ms="230215">
    <groups>
    </groups>
    <test started-at="2020-09-23T21:39:05 IST" name="Test" finished-at="2020-09-23T21:42:55 IST" duration-ms="230215">
      <class name="projectActivities.correctincorrectLogin">
        <test-method is-config="true" signature="setup()[pri:0, instance:projectActivities.correctincorrectLogin@5c6648b0]" started-at="2020-09-23T21:39:05 IST" name="setup" finished-at="2020-09-23T21:39:21 IST" duration-ms="15772" status="PASS">
          <reporter-output>
          </reporter-output>
        </test-method> <!-- setup -->
        <test-method signature="ValidLogin()[pri:0, instance:projectActivities.correctincorrectLogin@5c6648b0]" started-at="2020-09-23T21:39:21 IST" name="ValidLogin" finished-at="2020-09-23T21:39:47 IST" duration-ms="25649" status="PASS">
          <reporter-output>
          </reporter-output>
        </test-method> <!-- ValidLogin -->
        <test-method is-config="true" signature="afterClass()[pri:0, instance:projectActivities.correctincorrectLogin@5c6648b0]" started-at="2020-09-23T21:39:47 IST" name="afterClass" finished-at="2020-09-23T21:39:48 IST" duration-ms="870" status="PASS">
          <reporter-output>
          </reporter-output>
        </test-method> <!-- afterClass -->
      </class> <!-- projectActivities.correctincorrectLogin -->
      <class name="projectActivities.googlekeepaddTask">
        <test-method is-config="true" signature="setup()[pri:0, instance:projectActivities.googlekeepaddTask@7cc0cdad]" started-at="2020-09-23T21:42:00 IST" name="setup" finished-at="2020-09-23T21:42:12 IST" duration-ms="12357" status="PASS">
          <reporter-output>
          </reporter-output>
        </test-method> <!-- setup -->
        <test-method signature="addNotes()[pri:0, instance:projectActivities.googlekeepaddTask@7cc0cdad]" started-at="2020-09-23T21:42:12 IST" name="addNotes" finished-at="2020-09-23T21:42:26 IST" duration-ms="14239" status="PASS">
          <reporter-output>
          </reporter-output>
        </test-method> <!-- addNotes -->
        <test-method is-config="true" signature="afterMethod()[pri:0, instance:projectActivities.googlekeepaddTask@7cc0cdad]" started-at="2020-09-23T21:42:26 IST" name="afterMethod" finished-at="2020-09-23T21:42:27 IST" duration-ms="765" status="PASS">
          <reporter-output>
          </reporter-output>
        </test-method> <!-- afterMethod -->
      </class> <!-- projectActivities.googlekeepaddTask -->
      <class name="projectActivities.correctIncorrectLogin_PopUps">
        <test-method is-config="true" signature="setup()[pri:0, instance:projectActivities.correctIncorrectLogin_PopUps@6f1de4c7]" started-at="2020-09-23T21:39:48 IST" name="setup" finished-at="2020-09-23T21:40:01 IST" duration-ms="13505" status="PASS">
          <reporter-output>
          </reporter-output>
        </test-method> <!-- setup -->
        <test-method signature="PopUpsLogin()[pri:0, instance:projectActivities.correctIncorrectLogin_PopUps@6f1de4c7]" started-at="2020-09-23T21:40:01 IST" name="PopUpsLogin" finished-at="2020-09-23T21:40:35 IST" duration-ms="33659" status="PASS">
          <reporter-output>
          </reporter-output>
        </test-method> <!-- PopUpsLogin -->
        <test-method is-config="true" signature="afterClass()[pri:0, instance:projectActivities.correctIncorrectLogin_PopUps@6f1de4c7]" started-at="2020-09-23T21:40:35 IST" name="afterClass" finished-at="2020-09-23T21:40:35 IST" duration-ms="774" status="PASS">
          <reporter-output>
          </reporter-output>
        </test-method> <!-- afterClass -->
      </class> <!-- projectActivities.correctIncorrectLogin_PopUps -->
      <class name="projectActivities.googleTask">
        <test-method is-config="true" signature="setup()[pri:0, instance:projectActivities.googleTask@7c7b252e]" started-at="2020-09-23T21:42:27 IST" name="setup" finished-at="2020-09-23T21:42:39 IST" duration-ms="12027" status="PASS">
          <reporter-output>
          </reporter-output>
        </test-method> <!-- setup -->
        <test-method signature="addTasks()[pri:0, instance:projectActivities.googleTask@7c7b252e]" started-at="2020-09-23T21:42:39 IST" name="addTasks" finished-at="2020-09-23T21:42:55 IST" duration-ms="15511" status="PASS">
          <reporter-output>
          </reporter-output>
        </test-method> <!-- addTasks -->
        <test-method is-config="true" signature="afterMethod()[pri:0, instance:projectActivities.googleTask@7c7b252e]" started-at="2020-09-23T21:42:55 IST" name="afterMethod" finished-at="2020-09-23T21:42:55 IST" duration-ms="734" status="PASS">
          <reporter-output>
          </reporter-output>
        </test-method> <!-- afterMethod -->
      </class> <!-- projectActivities.googleTask -->
      <class name="projectActivities.createTodoList">
        <test-method is-config="true" signature="setup()[pri:0, instance:projectActivities.createTodoList@459e9125]" started-at="2020-09-23T21:40:35 IST" name="setup" finished-at="2020-09-23T21:40:49 IST" duration-ms="13468" status="PASS">
          <reporter-output>
          </reporter-output>
        </test-method> <!-- setup -->
        <test-method signature="listDetails()[pri:0, instance:projectActivities.createTodoList@459e9125]" started-at="2020-09-23T21:40:49 IST" name="listDetails" finished-at="2020-09-23T21:41:23 IST" duration-ms="34318" status="PASS">
          <reporter-output>
          </reporter-output>
        </test-method> <!-- listDetails -->
        <test-method is-config="true" signature="afterClass()[pri:0, instance:projectActivities.createTodoList@459e9125]" started-at="2020-09-23T21:41:23 IST" name="afterClass" finished-at="2020-09-23T21:41:24 IST" duration-ms="1215" status="PASS">
          <reporter-output>
          </reporter-output>
        </test-method> <!-- afterClass -->
      </class> <!-- projectActivities.createTodoList -->
      <class name="projectActivities.googleKeep">
        <test-method is-config="true" signature="setup()[pri:0, instance:projectActivities.googleKeep@128d2484]" started-at="2020-09-23T21:41:24 IST" name="setup" finished-at="2020-09-23T21:41:37 IST" duration-ms="12094" status="PASS">
          <reporter-output>
          </reporter-output>
        </test-method> <!-- setup -->
        <test-method signature="addReminder()[pri:0, instance:projectActivities.googleKeep@128d2484]" started-at="2020-09-23T21:41:37 IST" name="addReminder" finished-at="2020-09-23T21:41:59 IST" duration-ms="22433" status="PASS">
          <reporter-output>
          </reporter-output>
        </test-method> <!-- addReminder -->
        <test-method is-config="true" signature="afterMethod()[pri:0, instance:projectActivities.googleKeep@128d2484]" started-at="2020-09-23T21:41:59 IST" name="afterMethod" finished-at="2020-09-23T21:42:00 IST" duration-ms="762" status="PASS">
          <reporter-output>
          </reporter-output>
        </test-method> <!-- afterMethod -->
      </class> <!-- projectActivities.googleKeep -->
    </test> <!-- Test -->
  </suite> <!-- Suite -->
</testng-results>
